2021-06-21 09:04:14 INFO  ************* ############ The suite execution is getting started ###############
2021-06-21 09:04:14 INFO  ************* Locator hash Map ==={Login$Password_EditBox=//input[@name='pwd'], Login$Ok_Button=//a[@id='loginButton'], Login$ErrorMsg_Text=(//span[@class='errormsg'])[1], Home$ModuleName_Text=//div[text()='--TEXTREPLACE--'], Login$UserName_EidtBox=//input[@id='username'], Home$Logout_Link=//a[@id='logoutLink']}
2021-06-21 09:04:15 INFO  ************* Login$UserName_EidtBoxadmin
2021-06-21 09:04:15 INFO  ************* Login$Password_EditBoxmanager
2021-06-21 09:04:15 INFO  ************* Login$UserNameMultiData_EidtBoxadmin#admin#admin#admin
2021-06-21 09:04:15 INFO  ************* Login$PasswordMltiData_EditBoxmanager#manager#manager#manager
2021-06-21 09:04:15 INFO  ************* testData hash Map ==={Login$Password_EditBox=manager, Login$PasswordMltiData_EditBox=manager#manager#manager#manager, Login$UserName_EidtBox=admin, Login$UserNameMultiData_EidtBox=admin#admin#admin#admin}
2021-06-21 09:04:15 INFO  ************* Inside beforeTest Method...This method runs before every tesng test from suite  ..
2021-06-21 09:04:15 INFO  ************* Inside before Class Method...This method runs before every class starts ..
2021-06-21 09:04:15 INFO  ************* This method will run before every Test case of @Test
2021-06-21 09:04:30 INFO  *************  ****************** The test case ny name login_002 is getting started ************
2021-06-21 09:04:33 INFO  *************  ************ The test case ny name login_002 Passed **********
2021-06-21 09:04:33 INFO  ************* This method will run after every Test case of @Test
2021-06-21 09:04:34 INFO  ************* After the After class method.....This method runsafter every class  ends...
2021-06-21 09:04:34 INFO  ************* After the AfterTest Method....This method runsafter every testng test from suite.....
2021-06-21 09:04:34 INFO  ************* ############ The suite execution completed ###############
2021-06-21 09:13:17 INFO  ************* ############ The suite execution is getting started ###############
2021-06-21 09:13:18 INFO  ************* Locator hash Map ==={Login$Password_EditBox=//input[@name='pwd'], Login$Ok_Button=//a[@id='loginButton'], Login$ErrorMsg_Text=(//span[@class='errormsg'])[1], Home$ModuleName_Text=//div[text()='--TEXTREPLACE--'], Login$UserName_EidtBox=//input[@id='username'], Home$Logout_Link=//a[@id='logoutLink']}
2021-06-21 09:13:18 INFO  ************* Login$UserName_EidtBoxadmin
2021-06-21 09:13:18 INFO  ************* Login$Password_EditBoxmanager
2021-06-21 09:13:18 INFO  ************* Login$UserNameMultiData_EidtBoxadmin#admin#admin#admin
2021-06-21 09:13:18 INFO  ************* Login$PasswordMltiData_EditBoxmanager#manager#manager#manager
2021-06-21 09:13:18 INFO  ************* testData hash Map ==={Login$Password_EditBox=manager, Login$PasswordMltiData_EditBox=manager#manager#manager#manager, Login$UserName_EidtBox=admin, Login$UserNameMultiData_EidtBox=admin#admin#admin#admin}
2021-06-21 09:13:18 INFO  ************* Inside beforeTest Method...This method runs before every tesng test from suite  ..
2021-06-21 09:13:18 INFO  ************* Inside before Class Method...This method runs before every class starts ..
2021-06-21 09:13:18 INFO  ************* This method will run before every Test case of @Test
2021-06-21 09:13:33 INFO  *************  ****************** The test case ny name login_002 is getting started ************
2021-06-21 09:13:37 INFO  *************  The test case ny name login_002 is Failed!!
2021-06-21 09:13:37 ERROR ************* [org.testng.Assert.fail(Assert.java:94)
 org.testng.Assert.failNotEquals(Assert.java:496)
 org.testng.Assert.assertFalse(Assert.java:63)
 com.actitime.tests.Login.login_002(Login.java:57)
 sun.reflect.NativeMethodAccessorImpl.invoke0(Native Method)
 sun.reflect.NativeMethodAccessorImpl.invoke(NativeMethodAccessorImpl.java:62)
 sun.reflect.DelegatingMethodAccessorImpl.invoke(DelegatingMethodAccessorImpl.java:43)
 java.lang.reflect.Method.invoke(Method.java:498)
 org.testng.internal.MethodInvocationHelper.invokeMethod(MethodInvocationHelper.java:85)
 org.testng.internal.Invoker.invokeMethod(Invoker.java:639)
 org.testng.internal.Invoker.invokeTestMethod(Invoker.java:816)
 org.testng.internal.Invoker.invokeTestMethods(Invoker.java:1124)
 org.testng.internal.TestMethodWorker.invokeTestMethods(TestMethodWorker.java:125)
 org.testng.internal.TestMethodWorker.run(TestMethodWorker.java:108)
 org.testng.TestRunner.privateRun(TestRunner.java:774)
 org.testng.TestRunner.run(TestRunner.java:624)
 org.testng.SuiteRunner.runTest(SuiteRunner.java:359)
 org.testng.SuiteRunner.runSequentially(SuiteRunner.java:354)
 org.testng.SuiteRunner.privateRun(SuiteRunner.java:312)
 org.testng.SuiteRunner.run(SuiteRunner.java:261)
 org.testng.SuiteRunnerWorker.runSuite(SuiteRunnerWorker.java:52)
 org.testng.SuiteRunnerWorker.run(SuiteRunnerWorker.java:86)
 org.testng.TestNG.runSuitesSequentially(TestNG.java:1215)
 org.testng.TestNG.runSuitesLocally(TestNG.java:1140)
 org.testng.TestNG.run(TestNG.java:1048)
 org.testng.remote.AbstractRemoteTestNG.run(AbstractRemoteTestNG.java:115)
 org.testng.remote.RemoteTestNG.initAndRun(RemoteTestNG.java:251)
 org.testng.remote.RemoteTestNG.main(RemoteTestNG.java:77)]
2021-06-21 09:13:37 INFO  ************* This method will run after every Test case of @Test
2021-06-21 09:13:37 INFO  ************* After the After class method.....This method runsafter every class  ends...
2021-06-21 09:13:37 INFO  ************* After the AfterTest Method....This method runsafter every testng test from suite.....
2021-06-21 09:13:37 INFO  ************* ############ The suite execution completed ###############
2021-06-21 23:32:18 INFO  ************* Inside beforeTest Method...This method runs before every tesng test from suite  ..
2021-06-21 23:32:18 INFO  ************* Inside before Class Method...This method runs before every class starts ..
2021-06-21 23:32:18 INFO  ************* This method will run before every Test case of @Test
2021-06-21 23:32:27 INFO  ************* Inside beforeTest Method...This method runs before every tesng test from suite  ..
2021-06-21 23:32:27 INFO  ************* Inside before Class Method...This method runs before every class starts ..
2021-06-21 23:32:27 INFO  ************* This method will run before every Test case of @Test
2021-06-21 23:32:35 INFO  ************* This method will run after every Test case of @Test
2021-06-21 23:32:36 INFO  ************* After the After class method.....This method runsafter every class  ends...
2021-06-21 23:32:36 INFO  ************* After the AfterTest Method....This method runsafter every testng test from suite.....
2021-06-21 23:32:43 INFO  ************* This method will run after every Test case of @Test
2021-06-21 23:32:43 INFO  ************* After the After class method.....This method runsafter every class  ends...
2021-06-21 23:32:43 INFO  ************* After the AfterTest Method....This method runsafter every testng test from suite.....
2021-06-21 23:33:11 INFO  ************* Inside beforeTest Method...This method runs before every tesng test from suite  ..
2021-06-21 23:33:11 INFO  ************* Inside before Class Method...This method runs before every class starts ..
2021-06-21 23:33:11 INFO  ************* This method will run before every Test case of @Test
2021-06-21 23:33:24 INFO  ************* This method will run after every Test case of @Test
2021-06-21 23:33:24 INFO  ************* After the After class method.....This method runsafter every class  ends...
2021-06-21 23:33:24 INFO  ************* After the AfterTest Method....This method runsafter every testng test from suite.....
2021-06-21 23:43:28 INFO  ************* Inside beforeTest Method...This method runs before every tesng test from suite  ..
2021-06-21 23:43:28 INFO  ************* Inside before Class Method...This method runs before every class starts ..
2021-06-21 23:43:28 INFO  ************* This method will run before every Test case of @Test
2021-06-21 23:43:42 INFO  ************* This method will run after every Test case of @Test
2021-06-21 23:43:43 INFO  ************* After the After class method.....This method runsafter every class  ends...
2021-06-21 23:43:43 INFO  ************* After the AfterTest Method....This method runsafter every testng test from suite.....
2021-06-21 23:44:53 INFO  ************* Inside beforeTest Method...This method runs before every tesng test from suite  ..
2021-06-21 23:44:53 INFO  ************* Inside before Class Method...This method runs before every class starts ..
2021-06-21 23:44:53 INFO  ************* This method will run before every Test case of @Test
2021-06-21 23:45:06 INFO  ************* This method will run after every Test case of @Test
2021-06-21 23:45:06 INFO  ************* After the After class method.....This method runsafter every class  ends...
2021-06-21 23:45:06 INFO  ************* After the AfterTest Method....This method runsafter every testng test from suite.....
2021-06-21 23:46:18 INFO  ************* Inside beforeTest Method...This method runs before every tesng test from suite  ..
2021-06-21 23:46:18 INFO  ************* Inside before Class Method...This method runs before every class starts ..
2021-06-21 23:46:18 INFO  ************* This method will run before every Test case of @Test
2021-06-21 23:46:31 INFO  ************* This method will run after every Test case of @Test
2021-06-21 23:46:35 INFO  ************* After the After class method.....This method runsafter every class  ends...
2021-06-21 23:46:35 INFO  ************* After the AfterTest Method....This method runsafter every testng test from suite.....
2021-06-21 23:47:41 INFO  ************* Inside beforeTest Method...This method runs before every tesng test from suite  ..
2021-06-21 23:47:41 INFO  ************* Inside before Class Method...This method runs before every class starts ..
2021-06-21 23:47:41 INFO  ************* This method will run before every Test case of @Test
2021-06-21 23:47:54 INFO  ************* This method will run after every Test case of @Test
2021-06-21 23:47:55 INFO  ************* After the After class method.....This method runsafter every class  ends...
2021-06-21 23:47:55 INFO  ************* After the AfterTest Method....This method runsafter every testng test from suite.....
2021-06-21 23:50:18 INFO  ************* Inside beforeTest Method...This method runs before every tesng test from suite  ..
2021-06-21 23:50:18 INFO  ************* Inside before Class Method...This method runs before every class starts ..
2021-06-21 23:50:18 INFO  ************* This method will run before every Test case of @Test
2021-06-21 23:50:31 INFO  ************* This method will run after every Test case of @Test
2021-06-21 23:50:32 INFO  ************* After the After class method.....This method runsafter every class  ends...
2021-06-21 23:50:32 INFO  ************* After the AfterTest Method....This method runsafter every testng test from suite.....
2021-06-21 23:51:53 INFO  ************* Inside beforeTest Method...This method runs before every tesng test from suite  ..
2021-06-21 23:51:53 INFO  ************* Inside before Class Method...This method runs before every class starts ..
2021-06-21 23:51:53 INFO  ************* This method will run before every Test case of @Test
2021-06-21 23:52:06 INFO  ************* This method will run after every Test case of @Test
2021-06-21 23:52:06 INFO  ************* After the After class method.....This method runsafter every class  ends...
2021-06-21 23:52:06 INFO  ************* After the AfterTest Method....This method runsafter every testng test from suite.....
2021-06-21 23:53:47 INFO  ************* Inside beforeTest Method...This method runs before every tesng test from suite  ..
2021-06-21 23:53:47 INFO  ************* Inside before Class Method...This method runs before every class starts ..
2021-06-21 23:53:47 INFO  ************* This method will run before every Test case of @Test
2021-06-21 23:53:59 INFO  ************* This method will run after every Test case of @Test
2021-06-21 23:54:00 INFO  ************* After the After class method.....This method runsafter every class  ends...
2021-06-21 23:54:00 INFO  ************* After the AfterTest Method....This method runsafter every testng test from suite.....
2021-06-21 23:55:26 INFO  ************* Inside beforeTest Method...This method runs before every tesng test from suite  ..
2021-06-21 23:55:26 INFO  ************* Inside before Class Method...This method runs before every class starts ..
2021-06-21 23:55:26 INFO  ************* This method will run before every Test case of @Test
2021-06-21 23:55:39 INFO  ************* This method will run after every Test case of @Test
2021-06-21 23:55:39 INFO  ************* After the After class method.....This method runsafter every class  ends...
2021-06-21 23:55:39 INFO  ************* After the AfterTest Method....This method runsafter every testng test from suite.....
2021-06-21 23:57:05 INFO  ************* ############ The suite execution is getting started ###############
2021-06-21 23:57:05 INFO  ************* Locator hash Map ==={Login$Password_EditBox=//input[@name='pwd'], Login$Ok_Button=//a[@id='loginButton'], Login$ErrorMsg_Text=(//span[@class='errormsg'])[1], Home$ModuleName_Text=//div[text()='--TEXTREPLACE--'], Login$UserName_EidtBox=//input[@id='username'], Home$Logout_Link=//a[@id='logoutLink']}
2021-06-21 23:57:06 INFO  ************* Login$UserName_EidtBoxadmin
2021-06-21 23:57:06 INFO  ************* Login$Password_EditBoxmanager
2021-06-21 23:57:06 INFO  ************* Login$UserNameMultiData_EidtBoxadmin#admin#admin#admin
2021-06-21 23:57:06 INFO  ************* Login$PasswordMltiData_EditBoxmanager#manager#manager#manager
2021-06-21 23:57:06 INFO  ************* testData hash Map ==={Login$Password_EditBox=manager, Login$PasswordMltiData_EditBox=manager#manager#manager#manager, Login$UserName_EidtBox=admin, Login$UserNameMultiData_EidtBox=admin#admin#admin#admin}
2021-06-21 23:57:06 INFO  ************* Inside beforeTest Method...This method runs before every tesng test from suite  ..
2021-06-21 23:57:06 INFO  ************* Inside before Class Method...This method runs before every class starts ..
2021-06-21 23:57:06 INFO  ************* This method will run before every Test case of @Test
2021-06-21 23:57:18 INFO  *************  ****************** The test case ny name fileUploadEx1 is getting started ************
2021-06-21 23:57:21 INFO  *************  The test case ny name fileUploadEx1 is Failed!!
2021-06-21 23:57:21 ERROR ************* [sun.reflect.NativeConstructorAccessorImpl.newInstance0(Native Method)
 sun.reflect.NativeConstructorAccessorImpl.newInstance(NativeConstructorAccessorImpl.java:62)
 sun.reflect.DelegatingConstructorAccessorImpl.newInstance(DelegatingConstructorAccessorImpl.java:45)
 java.lang.reflect.Constructor.newInstance(Constructor.java:423)
 org.openqa.selenium.remote.http.W3CHttpResponseCodec.createException(W3CHttpResponseCodec.java:187)
 org.openqa.selenium.remote.http.W3CHttpResponseCodec.decode(W3CHttpResponseCodec.java:122)
 org.openqa.selenium.remote.http.W3CHttpResponseCodec.decode(W3CHttpResponseCodec.java:49)
 org.openqa.selenium.remote.HttpCommandExecutor.execute(HttpCommandExecutor.java:158)
 org.openqa.selenium.remote.service.DriverCommandExecutor.execute(DriverCommandExecutor.java:83)
 org.openqa.selenium.remote.RemoteWebDriver.execute(RemoteWebDriver.java:552)
 org.openqa.selenium.remote.RemoteWebElement.execute(RemoteWebElement.java:285)
 org.openqa.selenium.remote.RemoteWebElement.click(RemoteWebElement.java:84)
 com.actitime.tests.FileUpload.fileUploadEx1(FileUpload.java:19)
 sun.reflect.NativeMethodAccessorImpl.invoke0(Native Method)
 sun.reflect.NativeMethodAccessorImpl.invoke(NativeMethodAccessorImpl.java:62)
 sun.reflect.DelegatingMethodAccessorImpl.invoke(DelegatingMethodAccessorImpl.java:43)
 java.lang.reflect.Method.invoke(Method.java:498)
 org.testng.internal.MethodInvocationHelper.invokeMethod(MethodInvocationHelper.java:85)
 org.testng.internal.Invoker.invokeMethod(Invoker.java:639)
 org.testng.internal.Invoker.invokeTestMethod(Invoker.java:816)
 org.testng.internal.Invoker.invokeTestMethods(Invoker.java:1124)
 org.testng.internal.TestMethodWorker.invokeTestMethods(TestMethodWorker.java:125)
 org.testng.internal.TestMethodWorker.run(TestMethodWorker.java:108)
 org.testng.TestRunner.privateRun(TestRunner.java:774)
 org.testng.TestRunner.run(TestRunner.java:624)
 org.testng.SuiteRunner.runTest(SuiteRunner.java:359)
 org.testng.SuiteRunner.runSequentially(SuiteRunner.java:354)
 org.testng.SuiteRunner.privateRun(SuiteRunner.java:312)
 org.testng.SuiteRunner.run(SuiteRunner.java:261)
 org.testng.SuiteRunnerWorker.runSuite(SuiteRunnerWorker.java:52)
 org.testng.SuiteRunnerWorker.run(SuiteRunnerWorker.java:86)
 org.testng.TestNG.runSuitesSequentially(TestNG.java:1215)
 org.testng.TestNG.runSuitesLocally(TestNG.java:1140)
 org.testng.TestNG.run(TestNG.java:1048)
 org.testng.remote.AbstractRemoteTestNG.run(AbstractRemoteTestNG.java:115)
 org.testng.remote.RemoteTestNG.initAndRun(RemoteTestNG.java:251)
 org.testng.remote.RemoteTestNG.main(RemoteTestNG.java:77)]
2021-06-21 23:57:21 INFO  ************* This method will run after every Test case of @Test
2021-06-21 23:57:22 INFO  ************* After the After class method.....This method runsafter every class  ends...
2021-06-21 23:57:22 INFO  ************* After the AfterTest Method....This method runsafter every testng test from suite.....
2021-06-21 23:57:22 INFO  ************* ############ The suite execution completed ###############
2021-06-21 23:58:22 INFO  ************* ############ The suite execution is getting started ###############
2021-06-21 23:58:23 INFO  ************* Locator hash Map ==={Login$Password_EditBox=//input[@name='pwd'], Login$Ok_Button=//a[@id='loginButton'], Login$ErrorMsg_Text=(//span[@class='errormsg'])[1], Home$ModuleName_Text=//div[text()='--TEXTREPLACE--'], Login$UserName_EidtBox=//input[@id='username'], Home$Logout_Link=//a[@id='logoutLink']}
2021-06-21 23:58:23 INFO  ************* Login$UserName_EidtBoxadmin
2021-06-21 23:58:23 INFO  ************* Login$Password_EditBoxmanager
2021-06-21 23:58:23 INFO  ************* Login$UserNameMultiData_EidtBoxadmin#admin#admin#admin
2021-06-21 23:58:23 INFO  ************* Login$PasswordMltiData_EditBoxmanager#manager#manager#manager
2021-06-21 23:58:23 INFO  ************* testData hash Map ==={Login$Password_EditBox=manager, Login$PasswordMltiData_EditBox=manager#manager#manager#manager, Login$UserName_EidtBox=admin, Login$UserNameMultiData_EidtBox=admin#admin#admin#admin}
2021-06-21 23:58:23 INFO  ************* Inside beforeTest Method...This method runs before every tesng test from suite  ..
2021-06-21 23:58:23 INFO  ************* Inside before Class Method...This method runs before every class starts ..
2021-06-21 23:58:23 INFO  ************* This method will run before every Test case of @Test
2021-06-21 23:58:35 INFO  *************  ****************** The test case ny name fileUploadEx1 is getting started ************
2021-06-21 23:58:41 INFO  *************  ************ The test case ny name fileUploadEx1 Passed **********
2021-06-21 23:58:41 INFO  ************* This method will run after every Test case of @Test
2021-06-21 23:58:41 INFO  ************* After the After class method.....This method runsafter every class  ends...
2021-06-21 23:58:41 INFO  ************* After the AfterTest Method....This method runsafter every testng test from suite.....
2021-06-21 23:58:41 INFO  ************* ############ The suite execution completed ###############
2021-06-21 23:59:21 INFO  ************* ############ The suite execution is getting started ###############
2021-06-21 23:59:22 INFO  ************* Locator hash Map ==={Login$Password_EditBox=//input[@name='pwd'], Login$Ok_Button=//a[@id='loginButton'], Login$ErrorMsg_Text=(//span[@class='errormsg'])[1], Home$ModuleName_Text=//div[text()='--TEXTREPLACE--'], Login$UserName_EidtBox=//input[@id='username'], Home$Logout_Link=//a[@id='logoutLink']}
2021-06-21 23:59:22 INFO  ************* Login$UserName_EidtBoxadmin
2021-06-21 23:59:22 INFO  ************* Login$Password_EditBoxmanager
2021-06-21 23:59:22 INFO  ************* Login$UserNameMultiData_EidtBoxadmin#admin#admin#admin
2021-06-21 23:59:22 INFO  ************* Login$PasswordMltiData_EditBoxmanager#manager#manager#manager
2021-06-21 23:59:22 INFO  ************* testData hash Map ==={Login$Password_EditBox=manager, Login$PasswordMltiData_EditBox=manager#manager#manager#manager, Login$UserName_EidtBox=admin, Login$UserNameMultiData_EidtBox=admin#admin#admin#admin}
2021-06-21 23:59:22 INFO  ************* Inside beforeTest Method...This method runs before every tesng test from suite  ..
2021-06-21 23:59:22 INFO  ************* Inside before Class Method...This method runs before every class starts ..
2021-06-21 23:59:22 INFO  ************* This method will run before every Test case of @Test
2021-06-21 23:59:34 INFO  *************  ****************** The test case ny name fileUploadEx1 is getting started ************
2021-06-21 23:59:37 INFO  *************  The test case ny name fileUploadEx1 is Failed!!
2021-06-21 23:59:37 ERROR ************* [sun.reflect.NativeConstructorAccessorImpl.newInstance0(Native Method)
 sun.reflect.NativeConstructorAccessorImpl.newInstance(NativeConstructorAccessorImpl.java:62)
 sun.reflect.DelegatingConstructorAccessorImpl.newInstance(DelegatingConstructorAccessorImpl.java:45)
 java.lang.reflect.Constructor.newInstance(Constructor.java:423)
 org.openqa.selenium.remote.http.W3CHttpResponseCodec.createException(W3CHttpResponseCodec.java:187)
 org.openqa.selenium.remote.http.W3CHttpResponseCodec.decode(W3CHttpResponseCodec.java:122)
 org.openqa.selenium.remote.http.W3CHttpResponseCodec.decode(W3CHttpResponseCodec.java:49)
 org.openqa.selenium.remote.HttpCommandExecutor.execute(HttpCommandExecutor.java:158)
 org.openqa.selenium.remote.service.DriverCommandExecutor.execute(DriverCommandExecutor.java:83)
 org.openqa.selenium.remote.RemoteWebDriver.execute(RemoteWebDriver.java:552)
 org.openqa.selenium.remote.RemoteWebElement.execute(RemoteWebElement.java:285)
 org.openqa.selenium.remote.RemoteWebElement.sendKeys(RemoteWebElement.java:106)
 com.actitime.tests.FileUpload.fileUploadEx1(FileUpload.java:20)
 sun.reflect.NativeMethodAccessorImpl.invoke0(Native Method)
 sun.reflect.NativeMethodAccessorImpl.invoke(NativeMethodAccessorImpl.java:62)
 sun.reflect.DelegatingMethodAccessorImpl.invoke(DelegatingMethodAccessorImpl.java:43)
 java.lang.reflect.Method.invoke(Method.java:498)
 org.testng.internal.MethodInvocationHelper.invokeMethod(MethodInvocationHelper.java:85)
 org.testng.internal.Invoker.invokeMethod(Invoker.java:639)
 org.testng.internal.Invoker.invokeTestMethod(Invoker.java:816)
 org.testng.internal.Invoker.invokeTestMethods(Invoker.java:1124)
 org.testng.internal.TestMethodWorker.invokeTestMethods(TestMethodWorker.java:125)
 org.testng.internal.TestMethodWorker.run(TestMethodWorker.java:108)
 org.testng.TestRunner.privateRun(TestRunner.java:774)
 org.testng.TestRunner.run(TestRunner.java:624)
 org.testng.SuiteRunner.runTest(SuiteRunner.java:359)
 org.testng.SuiteRunner.runSequentially(SuiteRunner.java:354)
 org.testng.SuiteRunner.privateRun(SuiteRunner.java:312)
 org.testng.SuiteRunner.run(SuiteRunner.java:261)
 org.testng.SuiteRunnerWorker.runSuite(SuiteRunnerWorker.java:52)
 org.testng.SuiteRunnerWorker.run(SuiteRunnerWorker.java:86)
 org.testng.TestNG.runSuitesSequentially(TestNG.java:1215)
 org.testng.TestNG.runSuitesLocally(TestNG.java:1140)
 org.testng.TestNG.run(TestNG.java:1048)
 org.testng.remote.AbstractRemoteTestNG.run(AbstractRemoteTestNG.java:115)
 org.testng.remote.RemoteTestNG.initAndRun(RemoteTestNG.java:251)
 org.testng.remote.RemoteTestNG.main(RemoteTestNG.java:77)]
2021-06-21 23:59:37 INFO  ************* This method will run after every Test case of @Test
2021-06-21 23:59:38 INFO  ************* After the After class method.....This method runsafter every class  ends...
2021-06-21 23:59:38 INFO  ************* After the AfterTest Method....This method runsafter every testng test from suite.....
2021-06-21 23:59:38 INFO  ************* ############ The suite execution completed ###############
2021-06-22 00:03:04 INFO  ************* ############ The suite execution is getting started ###############
2021-06-22 00:03:05 INFO  ************* Locator hash Map ==={Login$Password_EditBox=//input[@name='pwd'], Login$Ok_Button=//a[@id='loginButton'], Login$ErrorMsg_Text=(//span[@class='errormsg'])[1], Home$ModuleName_Text=//div[text()='--TEXTREPLACE--'], Login$UserName_EidtBox=//input[@id='username'], Home$Logout_Link=//a[@id='logoutLink']}
2021-06-22 00:03:05 INFO  ************* Login$UserName_EidtBoxadmin
2021-06-22 00:03:05 INFO  ************* Login$Password_EditBoxmanager
2021-06-22 00:03:05 INFO  ************* Login$UserNameMultiData_EidtBoxadmin#admin#admin#admin
2021-06-22 00:03:05 INFO  ************* Login$PasswordMltiData_EditBoxmanager#manager#manager#manager
2021-06-22 00:03:05 INFO  ************* testData hash Map ==={Login$Password_EditBox=manager, Login$PasswordMltiData_EditBox=manager#manager#manager#manager, Login$UserName_EidtBox=admin, Login$UserNameMultiData_EidtBox=admin#admin#admin#admin}
2021-06-22 00:03:05 INFO  ************* Inside beforeTest Method...This method runs before every tesng test from suite  ..
2021-06-22 00:03:05 INFO  ************* Inside before Class Method...This method runs before every class starts ..
2021-06-22 00:03:05 INFO  ************* This method will run before every Test case of @Test
2021-06-22 00:03:19 INFO  *************  ****************** The test case ny name fileUploadEx1 is getting started ************
2021-06-22 00:03:21 INFO  *************  The test case ny name fileUploadEx1 is Failed!!
2021-06-22 00:03:21 ERROR ************* [sun.reflect.NativeConstructorAccessorImpl.newInstance0(Native Method)
 sun.reflect.NativeConstructorAccessorImpl.newInstance(NativeConstructorAccessorImpl.java:62)
 sun.reflect.DelegatingConstructorAccessorImpl.newInstance(DelegatingConstructorAccessorImpl.java:45)
 java.lang.reflect.Constructor.newInstance(Constructor.java:423)
 org.openqa.selenium.remote.http.W3CHttpResponseCodec.createException(W3CHttpResponseCodec.java:187)
 org.openqa.selenium.remote.http.W3CHttpResponseCodec.decode(W3CHttpResponseCodec.java:122)
 org.openqa.selenium.remote.http.W3CHttpResponseCodec.decode(W3CHttpResponseCodec.java:49)
 org.openqa.selenium.remote.HttpCommandExecutor.execute(HttpCommandExecutor.java:158)
 org.openqa.selenium.remote.service.DriverCommandExecutor.execute(DriverCommandExecutor.java:83)
 org.openqa.selenium.remote.RemoteWebDriver.execute(RemoteWebDriver.java:552)
 org.openqa.selenium.remote.RemoteWebElement.execute(RemoteWebElement.java:285)
 org.openqa.selenium.remote.RemoteWebElement.click(RemoteWebElement.java:84)
 com.actitime.tests.FileUpload.fileUploadEx1(FileUpload.java:23)
 sun.reflect.NativeMethodAccessorImpl.invoke0(Native Method)
 sun.reflect.NativeMethodAccessorImpl.invoke(NativeMethodAccessorImpl.java:62)
 sun.reflect.DelegatingMethodAccessorImpl.invoke(DelegatingMethodAccessorImpl.java:43)
 java.lang.reflect.Method.invoke(Method.java:498)
 org.testng.internal.MethodInvocationHelper.invokeMethod(MethodInvocationHelper.java:85)
 org.testng.internal.Invoker.invokeMethod(Invoker.java:639)
 org.testng.internal.Invoker.invokeTestMethod(Invoker.java:816)
 org.testng.internal.Invoker.invokeTestMethods(Invoker.java:1124)
 org.testng.internal.TestMethodWorker.invokeTestMethods(TestMethodWorker.java:125)
 org.testng.internal.TestMethodWorker.run(TestMethodWorker.java:108)
 org.testng.TestRunner.privateRun(TestRunner.java:774)
 org.testng.TestRunner.run(TestRunner.java:624)
 org.testng.SuiteRunner.runTest(SuiteRunner.java:359)
 org.testng.SuiteRunner.runSequentially(SuiteRunner.java:354)
 org.testng.SuiteRunner.privateRun(SuiteRunner.java:312)
 org.testng.SuiteRunner.run(SuiteRunner.java:261)
 org.testng.SuiteRunnerWorker.runSuite(SuiteRunnerWorker.java:52)
 org.testng.SuiteRunnerWorker.run(SuiteRunnerWorker.java:86)
 org.testng.TestNG.runSuitesSequentially(TestNG.java:1215)
 org.testng.TestNG.runSuitesLocally(TestNG.java:1140)
 org.testng.TestNG.run(TestNG.java:1048)
 org.testng.remote.AbstractRemoteTestNG.run(AbstractRemoteTestNG.java:115)
 org.testng.remote.RemoteTestNG.initAndRun(RemoteTestNG.java:251)
 org.testng.remote.RemoteTestNG.main(RemoteTestNG.java:77)]
2021-06-22 00:03:21 INFO  ************* This method will run after every Test case of @Test
2021-06-22 00:03:22 INFO  ************* After the After class method.....This method runsafter every class  ends...
2021-06-22 00:03:22 INFO  ************* After the AfterTest Method....This method runsafter every testng test from suite.....
2021-06-22 00:03:22 INFO  ************* ############ The suite execution completed ###############
2021-06-22 00:06:18 INFO  ************* ############ The suite execution is getting started ###############
2021-06-22 00:06:19 INFO  ************* Locator hash Map ==={Login$Password_EditBox=//input[@name='pwd'], Login$Ok_Button=//a[@id='loginButton'], Login$ErrorMsg_Text=(//span[@class='errormsg'])[1], Home$ModuleName_Text=//div[text()='--TEXTREPLACE--'], Login$UserName_EidtBox=//input[@id='username'], Home$Logout_Link=//a[@id='logoutLink']}
2021-06-22 00:06:19 INFO  ************* Login$UserName_EidtBoxadmin
2021-06-22 00:06:19 INFO  ************* Login$Password_EditBoxmanager
2021-06-22 00:06:19 INFO  ************* Login$UserNameMultiData_EidtBoxadmin#admin#admin#admin
2021-06-22 00:06:19 INFO  ************* Login$PasswordMltiData_EditBoxmanager#manager#manager#manager
2021-06-22 00:06:19 INFO  ************* testData hash Map ==={Login$Password_EditBox=manager, Login$PasswordMltiData_EditBox=manager#manager#manager#manager, Login$UserName_EidtBox=admin, Login$UserNameMultiData_EidtBox=admin#admin#admin#admin}
2021-06-22 00:06:19 INFO  ************* Inside beforeTest Method...This method runs before every tesng test from suite  ..
2021-06-22 00:06:19 INFO  ************* Inside before Class Method...This method runs before every class starts ..
2021-06-22 00:06:19 INFO  ************* This method will run before every Test case of @Test
2021-06-22 00:06:34 INFO  *************  ****************** The test case ny name fileUploadEx1 is getting started ************
2021-06-22 00:06:38 INFO  *************  The test case ny name fileUploadEx1 is Failed!!
2021-06-22 00:06:38 ERROR ************* [sun.reflect.NativeConstructorAccessorImpl.newInstance0(Native Method)
 sun.reflect.NativeConstructorAccessorImpl.newInstance(NativeConstructorAccessorImpl.java:62)
 sun.reflect.DelegatingConstructorAccessorImpl.newInstance(DelegatingConstructorAccessorImpl.java:45)
 java.lang.reflect.Constructor.newInstance(Constructor.java:423)
 org.openqa.selenium.remote.http.W3CHttpResponseCodec.createException(W3CHttpResponseCodec.java:187)
 org.openqa.selenium.remote.http.W3CHttpResponseCodec.decode(W3CHttpResponseCodec.java:122)
 org.openqa.selenium.remote.http.W3CHttpResponseCodec.decode(W3CHttpResponseCodec.java:49)
 org.openqa.selenium.remote.HttpCommandExecutor.execute(HttpCommandExecutor.java:158)
 org.openqa.selenium.remote.service.DriverCommandExecutor.execute(DriverCommandExecutor.java:83)
 org.openqa.selenium.remote.RemoteWebDriver.execute(RemoteWebDriver.java:552)
 org.openqa.selenium.remote.RemoteWebElement.execute(RemoteWebElement.java:285)
 org.openqa.selenium.remote.RemoteWebElement.click(RemoteWebElement.java:84)
 com.actitime.tests.FileUpload.fileUploadEx1(FileUpload.java:31)
 sun.reflect.NativeMethodAccessorImpl.invoke0(Native Method)
 sun.reflect.NativeMethodAccessorImpl.invoke(NativeMethodAccessorImpl.java:62)
 sun.reflect.DelegatingMethodAccessorImpl.invoke(DelegatingMethodAccessorImpl.java:43)
 java.lang.reflect.Method.invoke(Method.java:498)
 org.testng.internal.MethodInvocationHelper.invokeMethod(MethodInvocationHelper.java:85)
 org.testng.internal.Invoker.invokeMethod(Invoker.java:639)
 org.testng.internal.Invoker.invokeTestMethod(Invoker.java:816)
 org.testng.internal.Invoker.invokeTestMethods(Invoker.java:1124)
 org.testng.internal.TestMethodWorker.invokeTestMethods(TestMethodWorker.java:125)
 org.testng.internal.TestMethodWorker.run(TestMethodWorker.java:108)
 org.testng.TestRunner.privateRun(TestRunner.java:774)
 org.testng.TestRunner.run(TestRunner.java:624)
 org.testng.SuiteRunner.runTest(SuiteRunner.java:359)
 org.testng.SuiteRunner.runSequentially(SuiteRunner.java:354)
 org.testng.SuiteRunner.privateRun(SuiteRunner.java:312)
 org.testng.SuiteRunner.run(SuiteRunner.java:261)
 org.testng.SuiteRunnerWorker.runSuite(SuiteRunnerWorker.java:52)
 org.testng.SuiteRunnerWorker.run(SuiteRunnerWorker.java:86)
 org.testng.TestNG.runSuitesSequentially(TestNG.java:1215)
 org.testng.TestNG.runSuitesLocally(TestNG.java:1140)
 org.testng.TestNG.run(TestNG.java:1048)
 org.testng.remote.AbstractRemoteTestNG.run(AbstractRemoteTestNG.java:115)
 org.testng.remote.RemoteTestNG.initAndRun(RemoteTestNG.java:251)
 org.testng.remote.RemoteTestNG.main(RemoteTestNG.java:77)]
2021-06-22 00:06:38 INFO  ************* This method will run after every Test case of @Test
2021-06-22 00:06:39 INFO  ************* After the After class method.....This method runsafter every class  ends...
2021-06-22 00:06:39 INFO  ************* After the AfterTest Method....This method runsafter every testng test from suite.....
2021-06-22 00:06:39 INFO  ************* ############ The suite execution completed ###############
2021-06-22 00:08:50 INFO  ************* ############ The suite execution is getting started ###############
2021-06-22 00:08:51 INFO  ************* Locator hash Map ==={Login$Password_EditBox=//input[@name='pwd'], Login$Ok_Button=//a[@id='loginButton'], Login$ErrorMsg_Text=(//span[@class='errormsg'])[1], Home$ModuleName_Text=//div[text()='--TEXTREPLACE--'], Login$UserName_EidtBox=//input[@id='username'], Home$Logout_Link=//a[@id='logoutLink']}
2021-06-22 00:08:51 INFO  ************* Login$UserName_EidtBoxadmin
2021-06-22 00:08:51 INFO  ************* Login$Password_EditBoxmanager
2021-06-22 00:08:51 INFO  ************* Login$UserNameMultiData_EidtBoxadmin#admin#admin#admin
2021-06-22 00:08:51 INFO  ************* Login$PasswordMltiData_EditBoxmanager#manager#manager#manager
2021-06-22 00:08:51 INFO  ************* testData hash Map ==={Login$Password_EditBox=manager, Login$PasswordMltiData_EditBox=manager#manager#manager#manager, Login$UserName_EidtBox=admin, Login$UserNameMultiData_EidtBox=admin#admin#admin#admin}
2021-06-22 00:08:51 INFO  ************* Inside beforeTest Method...This method runs before every tesng test from suite  ..
2021-06-22 00:08:51 INFO  ************* Inside before Class Method...This method runs before every class starts ..
2021-06-22 00:08:51 INFO  ************* This method will run before every Test case of @Test
2021-06-22 00:09:05 INFO  *************  ****************** The test case ny name fileUploadEx is getting started ************
2021-06-22 00:09:09 INFO  *************  The test case ny name fileUploadEx is Failed!!
2021-06-22 00:09:09 ERROR ************* [sun.reflect.NativeConstructorAccessorImpl.newInstance0(Native Method)
 sun.reflect.NativeConstructorAccessorImpl.newInstance(NativeConstructorAccessorImpl.java:62)
 sun.reflect.DelegatingConstructorAccessorImpl.newInstance(DelegatingConstructorAccessorImpl.java:45)
 java.lang.reflect.Constructor.newInstance(Constructor.java:423)
 org.openqa.selenium.remote.http.W3CHttpResponseCodec.createException(W3CHttpResponseCodec.java:187)
 org.openqa.selenium.remote.http.W3CHttpResponseCodec.decode(W3CHttpResponseCodec.java:122)
 org.openqa.selenium.remote.http.W3CHttpResponseCodec.decode(W3CHttpResponseCodec.java:49)
 org.openqa.selenium.remote.HttpCommandExecutor.execute(HttpCommandExecutor.java:158)
 org.openqa.selenium.remote.service.DriverCommandExecutor.execute(DriverCommandExecutor.java:83)
 org.openqa.selenium.remote.RemoteWebDriver.execute(RemoteWebDriver.java:552)
 org.openqa.selenium.remote.RemoteWebElement.execute(RemoteWebElement.java:285)
 org.openqa.selenium.remote.RemoteWebElement.click(RemoteWebElement.java:84)
 com.actitime.tests.Login.fileUploadEx(Login.java:69)
 sun.reflect.NativeMethodAccessorImpl.invoke0(Native Method)
 sun.reflect.NativeMethodAccessorImpl.invoke(NativeMethodAccessorImpl.java:62)
 sun.reflect.DelegatingMethodAccessorImpl.invoke(DelegatingMethodAccessorImpl.java:43)
 java.lang.reflect.Method.invoke(Method.java:498)
 org.testng.internal.MethodInvocationHelper.invokeMethod(MethodInvocationHelper.java:85)
 org.testng.internal.Invoker.invokeMethod(Invoker.java:639)
 org.testng.internal.Invoker.invokeTestMethod(Invoker.java:816)
 org.testng.internal.Invoker.invokeTestMethods(Invoker.java:1124)
 org.testng.internal.TestMethodWorker.invokeTestMethods(TestMethodWorker.java:125)
 org.testng.internal.TestMethodWorker.run(TestMethodWorker.java:108)
 org.testng.TestRunner.privateRun(TestRunner.java:774)
 org.testng.TestRunner.run(TestRunner.java:624)
 org.testng.SuiteRunner.runTest(SuiteRunner.java:359)
 org.testng.SuiteRunner.runSequentially(SuiteRunner.java:354)
 org.testng.SuiteRunner.privateRun(SuiteRunner.java:312)
 org.testng.SuiteRunner.run(SuiteRunner.java:261)
 org.testng.SuiteRunnerWorker.runSuite(SuiteRunnerWorker.java:52)
 org.testng.SuiteRunnerWorker.run(SuiteRunnerWorker.java:86)
 org.testng.TestNG.runSuitesSequentially(TestNG.java:1215)
 org.testng.TestNG.runSuitesLocally(TestNG.java:1140)
 org.testng.TestNG.run(TestNG.java:1048)
 org.apache.maven.surefire.testng.TestNGExecutor.run(TestNGExecutor.java:293)
 org.apache.maven.surefire.testng.TestNGXmlTestSuite.execute(TestNGXmlTestSuite.java:84)
 org.apache.maven.surefire.testng.TestNGProvider.invoke(TestNGProvider.java:91)
 org.apache.maven.surefire.booter.ForkedBooter.invokeProviderInSameClassLoader(ForkedBooter.java:200)
 org.apache.maven.surefire.booter.ForkedBooter.runSuitesInProcess(ForkedBooter.java:153)
 org.apache.maven.surefire.booter.ForkedBooter.main(ForkedBooter.java:103)]
2021-06-22 00:09:09 INFO  ************* This method will run after every Test case of @Test
2021-06-22 00:09:09 INFO  ************* After the After class method.....This method runsafter every class  ends...
2021-06-22 00:09:09 INFO  ************* After the AfterTest Method....This method runsafter every testng test from suite.....
2021-06-22 00:09:10 INFO  ************* ############ The suite execution completed ###############
2021-06-22 00:10:12 INFO  ************* Inside beforeTest Method...This method runs before every tesng test from suite  ..
2021-06-22 00:10:12 INFO  ************* Inside before Class Method...This method runs before every class starts ..
2021-06-22 00:10:12 INFO  ************* This method will run before every Test case of @Test
2021-06-22 00:11:27 INFO  ************* This method will run after every Test case of @Test
2021-06-22 00:11:30 INFO  ************* After the After class method.....This method runsafter every class  ends...
2021-06-22 00:11:30 INFO  ************* After the AfterTest Method....This method runsafter every testng test from suite.....
2021-06-22 00:14:38 INFO  ************* Inside beforeTest Method...This method runs before every tesng test from suite  ..
2021-06-22 00:14:38 INFO  ************* Inside before Class Method...This method runs before every class starts ..
2021-06-22 00:14:38 INFO  ************* This method will run before every Test case of @Test
2021-06-22 00:14:56 INFO  ************* This method will run after every Test case of @Test
2021-06-22 00:15:01 INFO  ************* After the After class method.....This method runsafter every class  ends...
2021-06-22 00:15:01 INFO  ************* After the AfterTest Method....This method runsafter every testng test from suite.....
2021-06-22 00:16:18 INFO  ************* Inside beforeTest Method...This method runs before every tesng test from suite  ..
2021-06-22 00:16:18 INFO  ************* Inside before Class Method...This method runs before every class starts ..
2021-06-22 00:16:18 INFO  ************* This method will run before every Test case of @Test
2021-06-22 00:16:34 INFO  ************* This method will run after every Test case of @Test
2021-06-22 00:16:35 INFO  ************* After the After class method.....This method runsafter every class  ends...
2021-06-22 00:16:35 INFO  ************* After the AfterTest Method....This method runsafter every testng test from suite.....
2021-06-22 00:17:31 INFO  ************* Inside beforeTest Method...This method runs before every tesng test from suite  ..
2021-06-22 00:17:31 INFO  ************* Inside before Class Method...This method runs before every class starts ..
2021-06-22 00:17:31 INFO  ************* This method will run before every Test case of @Test
2021-06-22 00:17:47 INFO  ************* This method will run after every Test case of @Test
2021-06-22 00:17:48 INFO  ************* After the After class method.....This method runsafter every class  ends...
2021-06-22 00:17:48 INFO  ************* After the AfterTest Method....This method runsafter every testng test from suite.....
2021-06-22 00:19:43 INFO  ************* Inside beforeTest Method...This method runs before every tesng test from suite  ..
2021-06-22 00:19:44 INFO  ************* Inside before Class Method...This method runs before every class starts ..
2021-06-22 00:19:44 INFO  ************* This method will run before every Test case of @Test
2021-06-22 00:20:06 INFO  ************* This method will run after every Test case of @Test
2021-06-22 00:20:07 INFO  ************* After the After class method.....This method runsafter every class  ends...
2021-06-22 00:20:07 INFO  ************* After the AfterTest Method....This method runsafter every testng test from suite.....
2021-06-22 00:22:02 INFO  ************* Inside beforeTest Method...This method runs before every tesng test from suite  ..
2021-06-22 00:22:02 INFO  ************* Inside before Class Method...This method runs before every class starts ..
2021-06-22 00:22:02 INFO  ************* This method will run before every Test case of @Test
2021-06-22 00:22:20 INFO  ************* This method will run after every Test case of @Test
2021-06-22 00:22:20 INFO  ************* After the After class method.....This method runsafter every class  ends...
2021-06-22 00:22:20 INFO  ************* After the AfterTest Method....This method runsafter every testng test from suite.....
2021-06-22 00:22:59 INFO  ************* Inside beforeTest Method...This method runs before every tesng test from suite  ..
2021-06-22 00:22:59 INFO  ************* Inside before Class Method...This method runs before every class starts ..
2021-06-22 00:22:59 INFO  ************* This method will run before every Test case of @Test
2021-06-22 00:23:19 INFO  ************* This method will run after every Test case of @Test
2021-06-22 00:23:20 INFO  ************* After the After class method.....This method runsafter every class  ends...
2021-06-22 00:23:20 INFO  ************* After the AfterTest Method....This method runsafter every testng test from suite.....
2021-06-22 08:32:53 INFO  ************* Inside beforeTest Method...This method runs before every tesng test from suite  ..
2021-06-22 08:32:53 INFO  ************* Inside before Class Method...This method runs before every class starts ..
2021-06-22 08:32:53 INFO  ************* This method will run before every Test case of @Test
2021-06-22 08:33:12 INFO  ************* This method will run after every Test case of @Test
2021-06-22 08:33:13 INFO  ************* After the After class method.....This method runsafter every class  ends...
2021-06-22 08:33:13 INFO  ************* After the AfterTest Method....This method runsafter every testng test from suite.....
2021-06-22 08:33:44 INFO  ************* Inside beforeTest Method...This method runs before every tesng test from suite  ..
2021-06-22 08:33:44 INFO  ************* Inside before Class Method...This method runs before every class starts ..
2021-06-22 08:33:44 INFO  ************* This method will run before every Test case of @Test
2021-06-22 08:34:07 INFO  ************* This method will run after every Test case of @Test
2021-06-22 08:34:07 INFO  ************* After the After class method.....This method runsafter every class  ends...
2021-06-22 08:34:07 INFO  ************* After the AfterTest Method....This method runsafter every testng test from suite.....
2021-06-22 08:34:52 INFO  ************* Inside beforeTest Method...This method runs before every tesng test from suite  ..
2021-06-22 08:34:52 INFO  ************* Inside before Class Method...This method runs before every class starts ..
2021-06-22 08:34:52 INFO  ************* This method will run before every Test case of @Test
2021-06-22 08:35:26 INFO  ************* Inside beforeTest Method...This method runs before every tesng test from suite  ..
2021-06-22 08:35:26 INFO  ************* Inside before Class Method...This method runs before every class starts ..
2021-06-22 08:35:26 INFO  ************* This method will run before every Test case of @Test
2021-06-22 08:35:28 INFO  ************* Inside beforeTest Method...This method runs before every tesng test from suite  ..
2021-06-22 08:35:28 INFO  ************* Inside before Class Method...This method runs before every class starts ..
2021-06-22 08:35:28 INFO  ************* This method will run before every Test case of @Test
2021-06-22 08:35:48 INFO  ************* After the After class method.....This method runsafter every class  ends...
2021-06-22 08:35:48 INFO  ************* After the AfterTest Method....This method runsafter every testng test from suite.....
2021-06-22 08:35:56 INFO  ************* After the After class method.....This method runsafter every class  ends...
2021-06-22 08:35:56 INFO  ************* After the AfterTest Method....This method runsafter every testng test from suite.....
2021-06-22 08:36:54 INFO  ************* Inside beforeTest Method...This method runs before every tesng test from suite  ..
2021-06-22 08:36:54 INFO  ************* Inside before Class Method...This method runs before every class starts ..
2021-06-22 08:36:54 INFO  ************* This method will run before every Test case of @Test
2021-06-22 08:37:16 INFO  ************* After the After class method.....This method runsafter every class  ends...
2021-06-22 08:37:16 INFO  ************* After the AfterTest Method....This method runsafter every testng test from suite.....
2021-06-22 08:40:54 INFO  ************* Inside beforeTest Method...This method runs before every tesng test from suite  ..
2021-06-22 08:40:54 INFO  ************* Inside before Class Method...This method runs before every class starts ..
2021-06-22 08:40:54 INFO  ************* This method will run before every Test case of @Test
2021-06-22 08:41:12 INFO  ************* After the After class method.....This method runsafter every class  ends...
2021-06-22 08:41:12 INFO  ************* After the AfterTest Method....This method runsafter every testng test from suite.....
2021-06-22 08:42:04 INFO  ************* Inside beforeTest Method...This method runs before every tesng test from suite  ..
2021-06-22 08:42:04 INFO  ************* Inside before Class Method...This method runs before every class starts ..
2021-06-22 08:42:04 INFO  ************* This method will run before every Test case of @Test
2021-06-22 08:42:21 INFO  ************* After the After class method.....This method runsafter every class  ends...
2021-06-22 08:42:21 INFO  ************* After the AfterTest Method....This method runsafter every testng test from suite.....
2021-06-22 08:44:50 INFO  ************* Inside beforeTest Method...This method runs before every tesng test from suite  ..
2021-06-22 08:44:50 INFO  ************* Inside before Class Method...This method runs before every class starts ..
2021-06-22 08:44:50 INFO  ************* This method will run before every Test case of @Test
2021-06-22 08:45:08 INFO  ************* After the After class method.....This method runsafter every class  ends...
2021-06-22 08:45:08 INFO  ************* After the AfterTest Method....This method runsafter every testng test from suite.....
2021-06-22 08:53:45 INFO  ************* Inside beforeTest Method...This method runs before every tesng test from suite  ..
2021-06-22 08:53:45 INFO  ************* Inside before Class Method...This method runs before every class starts ..
2021-06-22 08:53:45 INFO  ************* This method will run before every Test case of @Test
2021-06-22 08:54:07 INFO  ************* After the After class method.....This method runsafter every class  ends...
2021-06-22 08:54:07 INFO  ************* After the AfterTest Method....This method runsafter every testng test from suite.....
2021-06-23 09:05:26 INFO  ************* Inside beforeTest Method...This method runs before every tesng test from suite  ..
2021-06-23 09:05:26 INFO  ************* Inside before Class Method...This method runs before every class starts ..
2021-06-23 09:05:26 INFO  ************* This method will run before every Test case of @Test
2021-06-23 09:05:47 INFO  ************* After the After class method.....This method runsafter every class  ends...
2021-06-23 09:05:47 INFO  ************* After the AfterTest Method....This method runsafter every testng test from suite.....
2021-06-24 08:28:55 INFO  ************* ############ The suite execution is getting started ###############
2021-06-24 08:31:57 INFO  ************* ############ The suite execution is getting started ###############
2021-06-24 08:33:02 INFO  ************* ############ The suite execution is getting started ###############
2021-06-24 08:33:03 INFO  ************* Locator hash Map ==={Login$Password_EditBox=//input[@name='pwd'], Login$Ok_Button=//a[@id='loginButton'], Login$ErrorMsg_Text=(//span[@class='errormsg'])[1], Home$ModuleName_Text=//div[text()='--TEXTREPLACE--'], Login$UserName_EidtBox=//input[@id='username'], Home$Logout_Link=//a[@id='logoutLink']}
2021-06-24 08:33:03 INFO  ************* Login$UserName_EidtBoxadmin
2021-06-24 08:33:03 INFO  ************* Login$Password_EditBoxmanager
2021-06-24 08:33:03 INFO  ************* Login$UserNameMultiData_EidtBoxadmin#admin#admin#admin
2021-06-24 08:33:03 INFO  ************* Login$PasswordMltiData_EditBoxmanager#manager#manager#manager
2021-06-24 08:33:03 INFO  ************* testData hash Map ==={Login$Password_EditBox=manager, Login$PasswordMltiData_EditBox=manager#manager#manager#manager, Login$UserName_EidtBox=admin, Login$UserNameMultiData_EidtBox=admin#admin#admin#admin}
2021-06-24 08:33:03 INFO  ************* Inside beforeTest Method...This method runs before every tesng test from suite  ..
2021-06-24 08:33:03 INFO  ************* Inside before Class Method...This method runs before every class starts ..
2021-06-24 08:33:03 INFO  ************* This method will run before every Test case of @Test
2021-06-24 08:33:18 INFO  *************  ****************** The test case ny name login_002 is getting started ************
2021-06-24 08:33:22 INFO  *************  ************ The test case ny name login_002 Passed **********
2021-06-24 08:33:22 INFO  ************* After the After class method.....This method runsafter every class  ends...
2021-06-24 08:33:22 INFO  ************* After the AfterTest Method....This method runsafter every testng test from suite.....
2021-06-24 08:33:22 INFO  ************* ############ The suite execution completed ###############
2021-06-24 08:35:39 INFO  ************* ############ The suite execution is getting started ###############
2021-06-24 08:35:39 INFO  ************* Locator hash Map ==={Login$Password_EditBox=//input[@name='pwd'], Login$Ok_Button=//a[@id='loginButton'], Login$ErrorMsg_Text=(//span[@class='errormsg'])[1], Home$ModuleName_Text=//div[text()='--TEXTREPLACE--'], Login$UserName_EidtBox=//input[@id='username'], Home$Logout_Link=//a[@id='logoutLink']}
2021-06-24 08:35:39 INFO  ************* Login$UserName_EidtBoxadmin
2021-06-24 08:35:39 INFO  ************* Login$Password_EditBoxmanager
2021-06-24 08:35:39 INFO  ************* Login$UserNameMultiData_EidtBoxadmin#admin#admin#admin
2021-06-24 08:35:39 INFO  ************* Login$PasswordMltiData_EditBoxmanager#manager#manager#manager
2021-06-24 08:35:39 INFO  ************* testData hash Map ==={Login$Password_EditBox=manager, Login$PasswordMltiData_EditBox=manager#manager#manager#manager, Login$UserName_EidtBox=admin, Login$UserNameMultiData_EidtBox=admin#admin#admin#admin}
2021-06-24 08:35:40 INFO  ************* Inside beforeTest Method...This method runs before every tesng test from suite  ..
2021-06-24 08:35:40 INFO  ************* Inside before Class Method...This method runs before every class starts ..
2021-06-24 08:35:40 INFO  ************* This method will run before every Test case of @Test
2021-06-24 08:36:15 INFO  ************* ############ The suite execution is getting started ###############
2021-06-24 08:36:16 INFO  ************* Locator hash Map ==={Login$Password_EditBox=//input[@name='pwd'], Login$Ok_Button=//a[@id='loginButton'], Login$ErrorMsg_Text=(//span[@class='errormsg'])[1], Home$ModuleName_Text=//div[text()='--TEXTREPLACE--'], Login$UserName_EidtBox=//input[@id='username'], Home$Logout_Link=//a[@id='logoutLink']}
2021-06-24 08:36:16 INFO  ************* Login$UserName_EidtBoxadmin
2021-06-24 08:36:16 INFO  ************* Login$Password_EditBoxmanager
2021-06-24 08:36:16 INFO  ************* Login$UserNameMultiData_EidtBoxadmin#admin#admin#admin
2021-06-24 08:36:16 INFO  ************* Login$PasswordMltiData_EditBoxmanager#manager#manager#manager
2021-06-24 08:36:16 INFO  ************* testData hash Map ==={Login$Password_EditBox=manager, Login$PasswordMltiData_EditBox=manager#manager#manager#manager, Login$UserName_EidtBox=admin, Login$UserNameMultiData_EidtBox=admin#admin#admin#admin}
2021-06-24 08:36:16 INFO  ************* Inside beforeTest Method...This method runs before every tesng test from suite  ..
2021-06-24 08:36:16 INFO  ************* Inside before Class Method...This method runs before every class starts ..
2021-06-24 08:36:16 INFO  ************* This method will run before every Test case of @Test
2021-06-24 08:36:32 INFO  *************  ****************** The test case ny name login_002 is getting started ************
2021-06-24 08:36:35 INFO  *************  ************ The test case ny name login_002 Passed **********
2021-06-24 08:36:35 INFO  ************* After the After class method.....This method runsafter every class  ends...
2021-06-24 08:36:35 INFO  ************* After the AfterTest Method....This method runsafter every testng test from suite.....
2021-06-24 08:36:36 INFO  ************* ############ The suite execution completed ###############
